0 info it worked if it ends with ok
1 verbose cli [ '/usr/local/bin/node', '/usr/local/bin/npm', 'run', 'dom' ]
2 info using npm@3.10.10
3 info using node@v6.10.2
4 verbose run-script [ 'predom', 'dom', 'postdom' ]
5 info lifecycle five-chess@1.0.0~predom: five-chess@1.0.0
6 silly lifecycle five-chess@1.0.0~predom: no script for predom, continuing
7 info lifecycle five-chess@1.0.0~dom: five-chess@1.0.0
8 verbose lifecycle five-chess@1.0.0~dom: unsafe-perm in lifecycle true
9 verbose lifecycle five-chess@1.0.0~dom: PATH: /usr/local/lib/node_modules/npm/bin/node-gyp-bin:/Users/zhyupeng/Desktop/fiveChess/node_modules/.bin:/bin:/usr/local/bin:/usr/bin:/bin:/usr/sbin:/sbin:/usr/local/bin::/Users/zhyupeng/.rvm/bin
10 verbose lifecycle five-chess@1.0.0~dom: CWD: /Users/zhyupeng/Desktop/fiveChess
11 silly lifecycle five-chess@1.0.0~dom: Args: [ '-c', 'NODE_ENV=development webpack-dev-server' ]
12 silly lifecycle five-chess@1.0.0~dom: Returned: code: 1  signal: null
13 info lifecycle five-chess@1.0.0~dom: Failed to exec dom script
14 verbose stack Error: five-chess@1.0.0 dom: `NODE_ENV=development webpack-dev-server`
14 verbose stack Exit status 1
14 verbose stack     at EventEmitter.<anonymous> (/usr/local/lib/node_modules/npm/lib/utils/lifecycle.js:255:16)
14 verbose stack     at emitTwo (events.js:106:13)
14 verbose stack     at EventEmitter.emit (events.js:191:7)
14 verbose stack     at ChildProcess.<anonymous> (/usr/local/lib/node_modules/npm/lib/utils/spawn.js:40:14)
14 verbose stack     at emitTwo (events.js:106:13)
14 verbose stack     at ChildProcess.emit (events.js:191:7)
14 verbose stack     at maybeClose (internal/child_process.js:886:16)
14 verbose stack     at Process.ChildProcess._handle.onexit (internal/child_process.js:226:5)
15 verbose pkgid five-chess@1.0.0
16 verbose cwd /Users/zhyupeng/Desktop/fiveChess
17 error Darwin 16.6.0
18 error argv "/usr/local/bin/node" "/usr/local/bin/npm" "run" "dom"
19 error node v6.10.2
20 error npm  v3.10.10
21 error code ELIFECYCLE
22 error five-chess@1.0.0 dom: `NODE_ENV=development webpack-dev-server`
22 error Exit status 1
23 error Failed at the five-chess@1.0.0 dom script 'NODE_ENV=development webpack-dev-server'.
23 error Make sure you have the latest version of node.js and npm installed.
23 error If you do, this is most likely a problem with the five-chess package,
23 error not with npm itself.
23 error Tell the author that this fails on your system:
23 error     NODE_ENV=development webpack-dev-server
23 error You can get information on how to open an issue for this project with:
23 error     npm bugs five-chess
23 error Or if that isn't available, you can get their info via:
23 error     npm owner ls five-chess
23 error There is likely additional logging output above.
24 verbose exit [ 1, true ]
